<?xml version="1.0" encoding="UTF-8" ?>
<testsuite tests="52" failures="0" name="com.williamngo.test.EvaluatorTest" time="0.111" errors="0" skipped="0">
  <properties>
    <property name="java.runtime.name" value="Java(TM) SE Runtime Environment"/>
    <property name="sun.boot.library.path" value="C:\Program Files\Java\jdk1.8.0_102\jre\bin"/>
    <property name="java.vm.version" value="25.102-b14"/>
    <property name="java.vm.vendor" value="Oracle Corporation"/>
    <property name="java.vendor.url" value="http://java.oracle.com/"/>
    <property name="path.separator" value=";"/>
    <property name="guice.disable.misplaced.annotation.check" value="true"/>
    <property name="java.vm.name" value="Java HotSpot(TM) 64-Bit Server VM"/>
    <property name="file.encoding.pkg" value="sun.io"/>
    <property name="user.script" value=""/>
    <property name="user.country" value="US"/>
    <property name="sun.java.launcher" value="SUN_STANDARD"/>
    <property name="sun.os.patch.level" value=""/>
    <property name="test" value="com.williamngo.test.EvaluatorTest"/>
    <property name="java.vm.specification.name" value="Java Virtual Machine Specification"/>
    <property name="user.dir" value="C:\Users\1435707\Documents\NetBeansProjects\Evaluator"/>
    <property name="java.runtime.version" value="1.8.0_102-b14"/>
    <property name="java.awt.graphicsenv" value="sun.awt.Win32GraphicsEnvironment"/>
    <property name="java.endorsed.dirs" value="C:\Program Files\Java\jdk1.8.0_102\jre\lib\endorsed"/>
    <property name="os.arch" value="amd64"/>
    <property name="java.io.tmpdir" value="C:\Users\1435707\AppData\Local\Temp\"/>
    <property name="line.separator" value="
"/>
    <property name="java.vm.specification.vendor" value="Oracle Corporation"/>
    <property name="user.variant" value=""/>
    <property name="os.name" value="Windows 10"/>
    <property name="maven.ext.class.path" value="C:\dev\NetBeans8.1\java\maven-nblib\netbeans-eventspy.jar"/>
    <property name="classworlds.conf" value="C:\dev\NetBeans8.1\java\maven\bin\m2.conf"/>
    <property name="sun.jnu.encoding" value="Cp1252"/>
    <property name="java.library.path" value="C:\Program Files\Java\jdk1.8.0_102\bin;C:\WINDOWS\Sun\Java\bin;C:\WINDOWS\system32;C:\WINDOWS;C:\app\Administrator\product\11.2.0\client_1\bin;C:\ProgramData\Oracle\Java\javapath;C:\WINDOWS\system32;C:\WINDOWS;C:\WINDOWS\System32\Wbem;C:\WINDOWS\System32\WindowsPowerShell\v1.0\;C:\HashiCorp\Vagrant\bin;C:\Program Files (x86)\Heroku\bin;C:\Program Files (x86)\git\cmd;C:\Program Files\Git\cmd;C:\WINDOWS\system32\config\systemprofile\.dnx\bin;C:\Program Files\Microsoft DNX\Dnvm\;C:\Program Files\Microsoft SQL Server\120\Tools\Binn\;C:\Program Files\Microsoft SQL Server\130\Tools\Binn\;C:\Program Files (x86)\Microsoft Emulator Manager\1.0\;C:\Program Files (x86)\nodejs\;C:\Program Files (x86)\Windows Kits\10\Windows Performance Toolkit\;C:\Program Files (x86)\Microsoft VS Code\bin;C:\Users\Administrator\AppData\Roaming\npm;C:\Users\Administrator\AppData\Local\Microsoft\WindowsApps;C:\dev\Android\sdk\platform-tools;C:\wamp64\bin\mysql\mysql5.7.11\bin;."/>
    <property name="java.specification.name" value="Java Platform API Specification"/>
    <property name="java.class.version" value="52.0"/>
    <property name="sun.management.compiler" value="HotSpot 64-Bit Tiered Compilers"/>
    <property name="os.version" value="10.0"/>
    <property name="user.home" value="C:\Users\1435707"/>
    <property name="user.timezone" value="America/New_York"/>
    <property name="java.awt.printerjob" value="sun.awt.windows.WPrinterJob"/>
    <property name="java.specification.version" value="1.8"/>
    <property name="file.encoding" value="UTF-8"/>
    <property name="user.name" value="1435707"/>
    <property name="java.class.path" value="C:\dev\NetBeans8.1\java\maven\boot\plexus-classworlds-2.4.jar"/>
    <property name="java.vm.specification.version" value="1.8"/>
    <property name="sun.arch.data.model" value="64"/>
    <property name="java.home" value="C:\Program Files\Java\jdk1.8.0_102\jre"/>
    <property name="sun.java.command" value="org.codehaus.plexus.classworlds.launcher.Launcher -Dtest=com.williamngo.test.EvaluatorTest -Dmaven.ext.class.path=C:\dev\NetBeans8.1\java\maven-nblib\netbeans-eventspy.jar -Dfile.encoding=UTF-8 surefire:test"/>
    <property name="java.specification.vendor" value="Oracle Corporation"/>
    <property name="user.language" value="en"/>
    <property name="awt.toolkit" value="sun.awt.windows.WToolkit"/>
    <property name="java.vm.info" value="mixed mode"/>
    <property name="java.version" value="1.8.0_102"/>
    <property name="java.ext.dirs" value="C:\Program Files\Java\jdk1.8.0_102\jre\lib\ext;C:\WINDOWS\Sun\Java\lib\ext"/>
    <property name="sun.boot.class.path" value="C:\Program Files\Java\jdk1.8.0_102\jre\lib\resources.jar;C:\Program Files\Java\jdk1.8.0_102\jre\lib\rt.jar;C:\Program Files\Java\jdk1.8.0_102\jre\lib\sunrsasign.jar;C:\Program Files\Java\jdk1.8.0_102\jre\lib\jsse.jar;C:\Program Files\Java\jdk1.8.0_102\jre\lib\jce.jar;C:\Program Files\Java\jdk1.8.0_102\jre\lib\charsets.jar;C:\Program Files\Java\jdk1.8.0_102\jre\lib\jfr.jar;C:\Program Files\Java\jdk1.8.0_102\jre\classes"/>
    <property name="java.vendor" value="Oracle Corporation"/>
    <property name="maven.home" value="C:\dev\NetBeans8.1\java\maven"/>
    <property name="file.separator" value="\"/>
    <property name="java.vendor.url.bug" value="http://bugreport.sun.com/bugreport/"/>
    <property name="sun.cpu.endian" value="little"/>
    <property name="sun.io.unicode.encoding" value="UnicodeLittle"/>
    <property name="sun.desktop" value="windows"/>
    <property name="sun.cpu.isalist" value="amd64"/>
  </properties>
  <testcase classname="com.williamngo.test.EvaluatorTest" name="evaluatePostfixTest[0]" time="0.021"/>
  <testcase classname="com.williamngo.test.EvaluatorTest" name="convertToPostfixTest[0]" time="0"/>
  <testcase classname="com.williamngo.test.EvaluatorTest" name="evaluatePostfixTest[1]" time="0"/>
  <testcase classname="com.williamngo.test.EvaluatorTest" name="convertToPostfixTest[1]" time="0.001"/>
  <testcase classname="com.williamngo.test.EvaluatorTest" name="evaluatePostfixTest[2]" time="0"/>
  <testcase classname="com.williamngo.test.EvaluatorTest" name="convertToPostfixTest[2]" time="0"/>
  <testcase classname="com.williamngo.test.EvaluatorTest" name="evaluatePostfixTest[3]" time="0"/>
  <testcase classname="com.williamngo.test.EvaluatorTest" name="convertToPostfixTest[3]" time="0"/>
  <testcase classname="com.williamngo.test.EvaluatorTest" name="evaluatePostfixTest[4]" time="0"/>
  <testcase classname="com.williamngo.test.EvaluatorTest" name="convertToPostfixTest[4]" time="0"/>
  <testcase classname="com.williamngo.test.EvaluatorTest" name="evaluatePostfixTest[5]" time="0.001"/>
  <testcase classname="com.williamngo.test.EvaluatorTest" name="convertToPostfixTest[5]" time="0"/>
  <testcase classname="com.williamngo.test.EvaluatorTest" name="evaluatePostfixTest[6]" time="0"/>
  <testcase classname="com.williamngo.test.EvaluatorTest" name="convertToPostfixTest[6]" time="0"/>
  <testcase classname="com.williamngo.test.EvaluatorTest" name="evaluatePostfixTest[7]" time="0"/>
  <testcase classname="com.williamngo.test.EvaluatorTest" name="convertToPostfixTest[7]" time="0"/>
  <testcase classname="com.williamngo.test.EvaluatorTest" name="evaluatePostfixTest[8]" time="0"/>
  <testcase classname="com.williamngo.test.EvaluatorTest" name="convertToPostfixTest[8]" time="0"/>
  <testcase classname="com.williamngo.test.EvaluatorTest" name="evaluatePostfixTest[9]" time="0.001"/>
  <testcase classname="com.williamngo.test.EvaluatorTest" name="convertToPostfixTest[9]" time="0"/>
  <testcase classname="com.williamngo.test.EvaluatorTest" name="evaluatePostfixTest[10]" time="0.001"/>
  <testcase classname="com.williamngo.test.EvaluatorTest" name="convertToPostfixTest[10]" time="0"/>
  <testcase classname="com.williamngo.test.EvaluatorTest" name="evaluatePostfixTest[11]" time="0.001"/>
  <testcase classname="com.williamngo.test.EvaluatorTest" name="convertToPostfixTest[11]" time="0"/>
  <testcase classname="com.williamngo.test.EvaluatorTest" name="evaluatePostfixTest[12]" time="0.001"/>
  <testcase classname="com.williamngo.test.EvaluatorTest" name="convertToPostfixTest[12]" time="0"/>
  <testcase classname="com.williamngo.test.EvaluatorTest" name="evaluatePostfixTest[13]" time="0.001"/>
  <testcase classname="com.williamngo.test.EvaluatorTest" name="convertToPostfixTest[13]" time="0"/>
  <testcase classname="com.williamngo.test.EvaluatorTest" name="evaluatePostfixTest[14]" time="0.001"/>
  <testcase classname="com.williamngo.test.EvaluatorTest" name="convertToPostfixTest[14]" time="0"/>
  <testcase classname="com.williamngo.test.EvaluatorTest" name="evaluatePostfixTest[15]" time="0.001"/>
  <testcase classname="com.williamngo.test.EvaluatorTest" name="convertToPostfixTest[15]" time="0.001"/>
  <testcase classname="com.williamngo.test.EvaluatorTest" name="evaluatePostfixTest[16]" time="0"/>
  <testcase classname="com.williamngo.test.EvaluatorTest" name="convertToPostfixTest[16]" time="0"/>
  <testcase classname="com.williamngo.test.EvaluatorTest" name="evaluatePostfixTest[17]" time="0"/>
  <testcase classname="com.williamngo.test.EvaluatorTest" name="convertToPostfixTest[17]" time="0"/>
  <testcase classname="com.williamngo.test.EvaluatorTest" name="evaluatePostfixTest[18]" time="0.001"/>
  <testcase classname="com.williamngo.test.EvaluatorTest" name="convertToPostfixTest[18]" time="0"/>
  <testcase classname="com.williamngo.test.EvaluatorTest" name="evaluatePostfixTest[19]" time="0"/>
  <testcase classname="com.williamngo.test.EvaluatorTest" name="convertToPostfixTest[19]" time="0.001"/>
  <testcase classname="com.williamngo.test.EvaluatorTest" name="evaluatePostfixTest[20]" time="0"/>
  <testcase classname="com.williamngo.test.EvaluatorTest" name="convertToPostfixTest[20]" time="0"/>
  <testcase classname="com.williamngo.test.EvaluatorTest" name="evaluatePostfixTest[21]" time="0.001"/>
  <testcase classname="com.williamngo.test.EvaluatorTest" name="convertToPostfixTest[21]" time="0"/>
  <testcase classname="com.williamngo.test.EvaluatorTest" name="evaluatePostfixTest[22]" time="0.001"/>
  <testcase classname="com.williamngo.test.EvaluatorTest" name="convertToPostfixTest[22]" time="0"/>
  <testcase classname="com.williamngo.test.EvaluatorTest" name="evaluatePostfixTest[23]" time="0"/>
  <testcase classname="com.williamngo.test.EvaluatorTest" name="convertToPostfixTest[23]" time="0"/>
  <testcase classname="com.williamngo.test.EvaluatorTest" name="evaluatePostfixTest[24]" time="0.001"/>
  <testcase classname="com.williamngo.test.EvaluatorTest" name="convertToPostfixTest[24]" time="0"/>
  <testcase classname="com.williamngo.test.EvaluatorTest" name="evaluatePostfixTest[25]" time="0.001"/>
  <testcase classname="com.williamngo.test.EvaluatorTest" name="convertToPostfixTest[25]" time="0"/>
</testsuite>